#
# A fatal error has been detected by the Java Runtime Environment:
#
#  SIGSEGV (0xb) at pc=0x0000000106500bf0, pid=35319, tid=18491
#
# JRE version: Java(TM) SE Runtime Environment (8.0_20-b26) (build 1.8.0_20-b26)
# Java VM: Java HotSpot(TM) 64-Bit Server VM (25.20-b23 mixed mode bsd-amd64 compressed oops)
# Problematic frame:
# J 3362 C2 org.joni.ByteCodeMachine.matchAt(III)I (1305 bytes) @ 0x0000000106500bf0 [0x00000001064febe0+0x2010]
#
# Failed to write core dump. Core dumps have been disabled. To enable core dumping, try "ulimit -c unlimited" before starting Java again
#
# If you would like to submit a bug report, please visit:
#   http://bugreport.sun.com/bugreport/crash.jsp
#

---------------  T H R E A D  ---------------

Current thread (0x00007fe363801000):  JavaThread "main" [_thread_in_Java, id=18491, stack(0x000000010571c000,0x000000010591c000)]

siginfo: si_signo: 11 (SIGSEGV), si_code: 1 (SEGV_MAPERR), si_addr: 0x000000011d622d81

Registers:
RAX=0x000000000000000b, RBX=0x0000000000000000, RCX=0x0000000000000004, RDX=0x00000007b86fb000
RSP=0x0000000105912e00, RBP=0x0000000000000005, RSI=0x00000007a0c1aa80, RDI=0x0000000000000003
R8 =0x00000000fffffffe, R9 =0x0000000080000000, R10=0x00000000ffffffff, R11=0x00000000fffffffd
R12=0x0000000000000000, R13=0x00000000f70df80e, R14=0x0000000000000002, R15=0x00007fe363801000
RIP=0x0000000106500bf0, EFLAGS=0x0000000000000246, ERR=0x00000000020000b8
  TRAPNO=0x0000000000000085

Top of Stack: (sp=0x0000000105912e00)
0x0000000105912e00:   00000007b86fc120 0000000000000020
0x0000000105912e10:   00000007b86fc070 000000030000005f
0x0000000105912e20:   0000000000000003 00000000f70df80e
0x0000000105912e30:   00000007a0c2c070 ffffffff00000001
0x0000000105912e40:   f70df6a8f70df843 0000000a00000000
0x0000000105912e50:   f70df80ef4183550 0000000af70df600
0x0000000105912e60:   0000000400000005 0000000000000002
0x0000000105912e70:   00000007b86fb000 00000004ffffffff
0x0000000105912e80:   00000007a0e36b70 00000007b86fb640
0x0000000105912e90:   00000007b86fc120 0000000106744358
0x0000000105912ea0:   00000007b86fc120 ffffffff00000002
0x0000000105912eb0:   0000000a0000000a 000000070000000a
0x0000000105912ec0:   00000003b86fc120 00000003b86fb540
0x0000000105912ed0:   00000000f41a2bb7 0000000106a14f5c
0x0000000105912ee0:   00000007b9d74470 00000007b86f6bf0
0x0000000105912ef0:   00000007b86fc540 000000010673419c
0x0000000105912f00:   00000007a10685d8 00000007a0c1aa80
0x0000000105912f10:   0000000500000005 00000007b86fb4b8
0x0000000105912f20:   0000002000000001 00000007b86fc288
0x0000000105912f30:   00000007b86fc528 00000007a0c1aa80
0x0000000105912f40:   00000007a0c1ed80 00000007b86fc2e8
0x0000000105912f50:   00000007b86fc540 000000010690d304
0x0000000105912f60:   0000000000000020 00000007b86fc120
0x0000000105912f70:   0000000a00000003 f420d09500000000
0x0000000105912f80:   00000005a0f31520 00000007b86fc4d0
0x0000000105912f90:   00000007a0c2abe0 00000007b86fc260
0x0000000105912fa0:   00000007b86fc4e8 00000007a0c1aa80
0x0000000105912fb0:   00000007b86f7958 00000007a0cf5e78
0x0000000105912fc0:   00000000f41a2bb7 00000001064bb5f4
0x0000000105912fd0:   00000007b86fb470 f70df693f4271fd7
0x0000000105912fe0:   000000000000005d 00000001063b8ff8
0x0000000105912ff0:   00000007a0c2af38 00000007b86f7300 

Instructions: (pc=0x0000000106500bf0)
0x0000000106500bd0:   83 fa ff 0f 8e f7 04 00 00 41 8b e8 45 8b c2 e9
0x0000000106500be0:   49 ff ff ff 48 8b e8 e9 3b 05 00 00 8b 5c 24 48
0x0000000106500bf0:   41 8b 7c dc 0c 44 8b 4c 24 44 43 8b 4c cc 38 44
0x0000000106500c00:   8b cf 41 ff c9 45 3b cb 45 0f 4f cb ba ff ff ff 

Register to memory mapping:

RAX=0x000000000000000b is an unknown value
RBX=0x0000000000000000 is an unknown value
RCX=0x0000000000000004 is an unknown value
RDX=0x00000007b86fb000 is an oop
[B 
 - klass: {type array byte}
 - length: 39
RSP=0x0000000105912e00 is pointing into the stack for thread: 0x00007fe363801000
RBP=0x0000000000000005 is an unknown value
RSI=0x00000007a0c1aa80 is an oop
org.jcodings.specific.UTF8Encoding 
 - klass: 'org/jcodings/specific/UTF8Encoding'
RDI=0x0000000000000003 is an unknown value
R8 =0x00000000fffffffe is an unknown value
R9 =0x0000000080000000 is an unknown value
R10=0x00000000ffffffff is an unknown value
R11=0x00000000fffffffd is an unknown value
R12=0x0000000000000000 is an unknown value
R13=0x00000000f70df80e is an unknown value
R14=0x0000000000000002 is an unknown value
R15=0x00007fe363801000 is a thread


Stack: [0x000000010571c000,0x000000010591c000],  sp=0x0000000105912e00,  free space=2011k
Native frames: (J=compiled Java code, j=interpreted, Vv=VM code, C=native code)
J 3362 C2 org.joni.ByteCodeMachine.matchAt(III)I (1305 bytes) @ 0x0000000106500bf0 [0x00000001064febe0+0x2010]


---------------  P R O C E S S  ---------------

Java Threads: ( => current thread )
  0x00007fe36479c000 JavaThread "jnr.ffi.util.ref.internal.Finalizer" daemon [_thread_blocked, id=24835, stack(0x000000011b6d7000,0x000000011b8d7000)]
  0x00007fe364747000 JavaThread "ReferenceReaper" daemon [_thread_blocked, id=555, stack(0x000000011b4d4000,0x000000011b6d4000)]
  0x00007fe368369000 JavaThread "process reaper" daemon [_thread_blocked, id=1067, stack(0x000000011a535000,0x000000011a55d000)]
  0x00007fe3636b0800 JavaThread "Ruby-0-JIT-1" daemon [_thread_blocked, id=1583, stack(0x000000011bd44000,0x000000011bf44000)]
  0x00007fe363839000 JavaThread "Service Thread" daemon [_thread_blocked, id=2599, stack(0x000000011997f000,0x0000000119b7f000)]
  0x00007fe36301b000 JavaThread "C1 CompilerThread3" daemon [_thread_blocked, id=3111, stack(0x000000011987c000,0x000000011997c000)]
  0x00007fe363835000 JavaThread "C2 CompilerThread2" daemon [_thread_in_native, id=3623, stack(0x0000000119779000,0x0000000119879000)]
  0x00007fe36300f800 JavaThread "C2 CompilerThread1" daemon [_thread_in_native, id=4111, stack(0x0000000119676000,0x0000000119776000)]
  0x00007fe364035800 JavaThread "C2 CompilerThread0" daemon [_thread_in_native, id=4619, stack(0x0000000119573000,0x0000000119673000)]
  0x00007fe364003000 JavaThread "Signal Dispatcher" daemon [_thread_blocked, id=5131, stack(0x0000000119370000,0x0000000119570000)]
  0x00007fe363017800 JavaThread "Finalizer" daemon [_thread_blocked, id=10255, stack(0x0000000119021000,0x0000000119221000)]
  0x00007fe363017000 JavaThread "Reference Handler" daemon [_thread_blocked, id=10759, stack(0x0000000118e1e000,0x000000011901e000)]
=>0x00007fe363801000 JavaThread "main" [_thread_in_Java, id=18491, stack(0x000000010571c000,0x000000010591c000)]

Other Threads:
  0x00007fe36385c000 VMThread [stack: 0x0000000118d1b000,0x0000000118e1b000] [id=11271]
  0x00007fe363862800 WatcherThread [stack: 0x0000000119b82000,0x0000000119c82000] [id=2119]

VM state:not at safepoint (normal execution)

VM Mutex/Monitor currently owned by a thread: None

Heap:
 PSYoungGen      total 76288K, used 58130K [0x00000007b5980000, 0x00000007bbf80000, 0x00000007c0000000)
  eden space 65536K, 72% used [0x00000007b5980000,0x00000007b87c8b08,0x00000007b9980000)
  from space 10752K, 99% used [0x00000007b9980000,0x00000007ba3fc020,0x00000007ba400000)
  to   space 10752K, 0% used [0x00000007bb500000,0x00000007bb500000,0x00000007bbf80000)
 ParOldGen       total 126464K, used 13844K [0x00000007a0c00000, 0x00000007a8780000, 0x00000007b5980000)
  object space 126464K, 10% used [0x00000007a0c00000,0x00000007a19853a8,0x00000007a8780000)
 Metaspace       used 30613K, capacity 31582K, committed 31664K, reserved 1075200K
  class space    used 5439K, capacity 5745K, committed 5808K, reserved 1048576K

Card table byte_map: [0x000000010368b000,0x0000000103786000] byte_map_base: 0x00000000ff985000

Marking Bits: (ParMarkBitMap*) 0x000000010509c330
 Begin Bits: [0x000000011559d000, 0x0000000115d6d000)
 End Bits:   [0x0000000115d6d000, 0x000000011653d000)

Polling page: 0x0000000103678000

CodeCache: size=245760Kb used=17107Kb max_used=18534Kb free=228652Kb
 bounds [0x000000010591e000, 0x0000000106b5e000, 0x000000011491e000]
 total_blobs=5368 nmethods=4819 adapters=462
 compilation: enabled

Compilation events (10 events):
Event: 2.656 Thread 0x00007fe36300f800 nmethod 5176 0x0000000106705410 code [0x0000000106705560, 0x00000001067055b8]
Event: 2.656 Thread 0x00007fe36300f800 5175       4       java.lang.ClassLoader::checkName (43 bytes)
Event: 2.657 Thread 0x00007fe36301b000 5190       3       java.util.concurrent.locks.AbstractQueuedSynchronizer$ConditionObject::signal (33 bytes)
Event: 2.657 Thread 0x00007fe36301b000 nmethod 5190 0x0000000105f14690 code [0x0000000105f14820, 0x0000000105f14b88]
Event: 2.657 Thread 0x00007fe36301b000 5186       3       org.jruby.ast.ArgsNode::childNodes (318 bytes)
Event: 2.658 Thread 0x00007fe36301b000 nmethod 5186 0x0000000105d33fd0 code [0x0000000105d34340, 0x0000000105d37198]
Event: 2.658 Thread 0x00007fe36301b000 5189       3       java.util.concurrent.atomic.AtomicReferenceFieldUpdater$AtomicReferenceFieldUpdaterImpl::compareAndSet (64 bytes)
Event: 2.658 Thread 0x00007fe36301b000 nmethod 5189 0x00000001060d6e90 code [0x00000001060d7020, 0x00000001060d7548]
Event: 2.658 Thread 0x00007fe36300f800 nmethod 5175 0x0000000105a2eed0 code [0x0000000105a2f020, 0x0000000105a2f1d8]
Event: 2.658 Thread 0x00007fe36300f800 5183       4       org.jruby.org.objectweb.asm.ClassWriter::a (70 bytes)

GC Heap History (8 events):
Event: 0.718 GC heap before
{Heap before GC invocations=1 (full 0):
 PSYoungGen      total 76288K, used 19661K [0x00000007b5980000, 0x00000007bae80000, 0x00000007c0000000)
  eden space 65536K, 30% used [0x00000007b5980000,0x00000007b6cb3728,0x00000007b9980000)
  from space 10752K, 0% used [0x00000007ba400000,0x00000007ba400000,0x00000007bae80000)
  to   space 10752K, 0% used [0x00000007b9980000,0x00000007b9980000,0x00000007ba400000)
 ParOldGen       total 175104K, used 0K [0x00000007a0c00000, 0x00000007ab700000, 0x00000007b5980000)
  object space 175104K, 0% used [0x00000007a0c00000,0x00000007a0c00000,0x00000007ab700000)
 Metaspace       used 21065K, capacity 21176K, committed 21296K, reserved 1067008K
  class space    used 3854K, capacity 3859K, committed 3888K, reserved 1048576K
Event: 0.724 GC heap after
Heap after GC invocations=1 (full 0):
 PSYoungGen      total 76288K, used 5934K [0x00000007b5980000, 0x00000007bae80000, 0x00000007c0000000)
  eden space 65536K, 0% used [0x00000007b5980000,0x00000007b5980000,0x00000007b9980000)
  from space 10752K, 55% used [0x00000007b9980000,0x00000007b9f4b9f0,0x00000007ba400000)
  to   space 10752K, 0% used [0x00000007ba400000,0x00000007ba400000,0x00000007bae80000)
 ParOldGen       total 175104K, used 16K [0x00000007a0c00000, 0x00000007ab700000, 0x00000007b5980000)
  object space 175104K, 0% used [0x00000007a0c00000,0x00000007a0c04000,0x00000007ab700000)
 Metaspace       used 21065K, capacity 21176K, committed 21296K, reserved 1067008K
  class space    used 3854K, capacity 3859K, committed 3888K, reserved 1048576K
}
Event: 0.724 GC heap before
{Heap before GC invocations=2 (full 1):
 PSYoungGen      total 76288K, used 5934K [0x00000007b5980000, 0x00000007bae80000, 0x00000007c0000000)
  eden space 65536K, 0% used [0x00000007b5980000,0x00000007b5980000,0x00000007b9980000)
  from space 10752K, 55% used [0x00000007b9980000,0x00000007b9f4b9f0,0x00000007ba400000)
  to   space 10752K, 0% used [0x00000007ba400000,0x00000007ba400000,0x00000007bae80000)
 ParOldGen       total 175104K, used 16K [0x00000007a0c00000, 0x00000007ab700000, 0x00000007b5980000)
  object space 175104K, 0% used [0x00000007a0c00000,0x00000007a0c04000,0x00000007ab700000)
 Metaspace       used 21065K, capacity 21176K, committed 21296K, reserved 1067008K
  class space    used 3854K, capacity 3859K, committed 3888K, reserved 1048576K
Event: 0.754 GC heap after
Heap after GC invocations=2 (full 1):
 PSYoungGen      total 76288K, used 0K [0x00000007b5980000, 0x00000007bae80000, 0x00000007c0000000)
  eden space 65536K, 0% used [0x00000007b5980000,0x00000007b5980000,0x00000007b9980000)
  from space 10752K, 0% used [0x00000007b9980000,0x00000007b9980000,0x00000007ba400000)
  to   space 10752K, 0% used [0x00000007ba400000,0x00000007ba400000,0x00000007bae80000)
 ParOldGen       total 126464K, used 5783K [0x00000007a0c00000, 0x00000007a8780000, 0x00000007b5980000)
  object space 126464K, 4% used [0x00000007a0c00000,0x00000007a11a5c58,0x00000007a8780000)
 Metaspace       used 21065K, capacity 21176K, committed 21296K, reserved 1067008K
  class space    used 3854K, capacity 3859K, committed 3888K, reserved 1048576K
}
Event: 1.592 GC heap before
{Heap before GC invocations=3 (full 1):
 PSYoungGen      total 76288K, used 65536K [0x00000007b5980000, 0x00000007bae80000, 0x00000007c0000000)
  eden space 65536K, 100% used [0x00000007b5980000,0x00000007b9980000,0x00000007b9980000)
  from space 10752K, 0% used [0x00000007b9980000,0x00000007b9980000,0x00000007ba400000)
  to   space 10752K, 0% used [0x00000007ba400000,0x00000007ba400000,0x00000007bae80000)
 ParOldGen       total 126464K, used 5783K [0x00000007a0c00000, 0x00000007a8780000, 0x00000007b5980000)
  object space 126464K, 4% used [0x00000007a0c00000,0x00000007a11a5c58,0x00000007a8780000)
 Metaspace       used 26689K, capacity 26938K, committed 27184K, reserved 1071104K
  class space    used 4726K, capacity 4812K, committed 4912K, reserved 1048576K
Event: 1.603 GC heap after
Heap after GC invocations=3 (full 1):
 PSYoungGen      total 76288K, used 10720K [0x00000007b5980000, 0x00000007bbc00000, 0x00000007c0000000)
  eden space 65536K, 0% used [0x00000007b5980000,0x00000007b5980000,0x00000007b9980000)
  from space 10752K, 99% used [0x00000007ba400000,0x00000007bae78030,0x00000007bae80000)
  to   space 10752K, 0% used [0x00000007b9980000,0x00000007b9980000,0x00000007ba400000)
 ParOldGen       total 126464K, used 7080K [0x00000007a0c00000, 0x00000007a8780000, 0x00000007b5980000)
  object space 126464K, 5% used [0x00000007a0c00000,0x00000007a12ea298,0x00000007a8780000)
 Metaspace       used 26689K, capacity 26938K, committed 27184K, reserved 1071104K
  class space    used 4726K, capacity 4812K, committed 4912K, reserved 1048576K
}
Event: 2.207 GC heap before
{Heap before GC invocations=4 (full 1):
 PSYoungGen      total 76288K, used 76256K [0x00000007b5980000, 0x00000007bbc00000, 0x00000007c0000000)
  eden space 65536K, 100% used [0x00000007b5980000,0x00000007b9980000,0x00000007b9980000)
  from space 10752K, 99% used [0x00000007ba400000,0x00000007bae78030,0x00000007bae80000)
  to   space 10752K, 0% used [0x00000007b9980000,0x00000007b9980000,0x00000007ba400000)
 ParOldGen       total 126464K, used 7080K [0x00000007a0c00000, 0x00000007a8780000, 0x00000007b5980000)
  object space 126464K, 5% used [0x00000007a0c00000,0x00000007a12ea298,0x00000007a8780000)
 Metaspace       used 29323K, capacity 29872K, committed 30128K, reserved 1073152K
  class space    used 5287K, capacity 5463K, committed 5552K, reserved 1048576K
Event: 2.221 GC heap after
Heap after GC invocations=4 (full 1):
 PSYoungGen      total 76288K, used 10736K [0x00000007b5980000, 0x00000007bbf80000, 0x00000007c0000000)
  eden space 65536K, 0% used [0x00000007b5980000,0x00000007b5980000,0x00000007b9980000)
  from space 10752K, 99% used [0x00000007b9980000,0x00000007ba3fc020,0x00000007ba400000)
  to   space 10752K, 0% used [0x00000007bb500000,0x00000007bb500000,0x00000007bbf80000)
 ParOldGen       total 126464K, used 13844K [0x00000007a0c00000, 0x00000007a8780000, 0x00000007b5980000)
  object space 126464K, 10% used [0x00000007a0c00000,0x00000007a19853a8,0x00000007a8780000)
 Metaspace       used 29323K, capacity 29872K, committed 30128K, reserved 1073152K
  class space    used 5287K, capacity 5463K, committed 5552K, reserved 1048576K
}

Deoptimization events (10 events):
Event: 2.502 Thread 0x00007fe363801000 Uncommon trap: reason=class_check action=maybe_recompile pc=0x000000010664959c method=org.jruby.ast.BlockNode.interpret(Lorg/jruby/Ruby;Lorg/jruby/runtime/ThreadContext;Lorg/jruby/runtime/builtin/IRubyObject;Lorg/jruby/runtime/Block;)Lorg/jruby/runtime/bu
Event: 2.506 Thread 0x00007fe363801000 Uncommon trap: reason=unreached action=reinterpret pc=0x0000000106881aec method=org.jruby.parser.ParserSupport.makeNullNil(Lorg/jruby/ast/Node;)Lorg/jruby/ast/Node; @ 1
Event: 2.513 Thread 0x00007fe363801000 Uncommon trap: reason=class_check action=maybe_recompile pc=0x0000000106a69efc method=org.jruby.RubyModule$INVOKER$i$1$0$op_eqq.call(Lorg/jruby/runtime/ThreadContext;Lorg/jruby/runtime/builtin/IRubyObject;Lorg/jruby/RubyModule;Ljava/lang/String;Lorg/jruby
Event: 2.515 Thread 0x00007fe363801000 Uncommon trap: reason=class_check action=maybe_recompile pc=0x0000000106a69efc method=org.jruby.RubyModule$INVOKER$i$1$0$op_eqq.call(Lorg/jruby/runtime/ThreadContext;Lorg/jruby/runtime/builtin/IRubyObject;Lorg/jruby/RubyModule;Ljava/lang/String;Lorg/jruby
Event: 2.523 Thread 0x00007fe363801000 Uncommon trap: reason=class_check action=maybe_recompile pc=0x0000000106a69efc method=org.jruby.RubyModule$INVOKER$i$1$0$op_eqq.call(Lorg/jruby/runtime/ThreadContext;Lorg/jruby/runtime/builtin/IRubyObject;Lorg/jruby/RubyModule;Ljava/lang/String;Lorg/jruby
Event: 2.532 Thread 0x00007fe363801000 Uncommon trap: reason=class_check action=maybe_recompile pc=0x000000010664959c method=org.jruby.ast.BlockNode.interpret(Lorg/jruby/Ruby;Lorg/jruby/runtime/ThreadContext;Lorg/jruby/runtime/builtin/IRubyObject;Lorg/jruby/runtime/Block;)Lorg/jruby/runtime/bu
Event: 2.550 Thread 0x00007fe363801000 Uncommon trap: reason=class_check action=maybe_recompile pc=0x0000000106a69efc method=org.jruby.RubyModule$INVOKER$i$1$0$op_eqq.call(Lorg/jruby/runtime/ThreadContext;Lorg/jruby/runtime/builtin/IRubyObject;Lorg/jruby/RubyModule;Ljava/lang/String;Lorg/jruby
Event: 2.553 Thread 0x00007fe363801000 Uncommon trap: reason=class_check action=maybe_recompile pc=0x000000010664959c method=org.jruby.ast.BlockNode.interpret(Lorg/jruby/Ruby;Lorg/jruby/runtime/ThreadContext;Lorg/jruby/runtime/builtin/IRubyObject;Lorg/jruby/runtime/Block;)Lorg/jruby/runtime/bu
Event: 2.564 Thread 0x00007fe363801000 Uncommon trap: reason=speculate_class_check action=maybe_recompile pc=0x0000000106ad8d60 method=java.nio.charset.CharsetEncoder.encode(Ljava/nio/CharBuffer;Ljava/nio/ByteBuffer;Z)Ljava/nio/charset/CoderResult; @ 57
Event: 2.569 Thread 0x00007fe363801000 Uncommon trap: reason=unreached action=reinterpret pc=0x0000000106a14740 method=org.jruby.runtime.callsite.NormalCachingCallSite.methodMissing(Lorg/jruby/internal/runtime/methods/DynamicMethod;Lorg/jruby/runtime/builtin/IRubyObject;)Z @ 4

Internal exceptions (10 events):
Event: 2.650 Thread 0x00007fe363801000 Exception <a 'java/security/PrivilegedActionException'> (0x00000007b8349df0) thrown at [/HUDSON3/workspace/8-2-build-macosx-x86_64/jdk8u20/1074/hotspot/src/share/vm/prims/jvm.cpp, line 1275]
Event: 2.650 Thread 0x00007fe363801000 Exception <a 'java/security/PrivilegedActionException'> (0x00000007b834c078) thrown at [/HUDSON3/workspace/8-2-build-macosx-x86_64/jdk8u20/1074/hotspot/src/share/vm/prims/jvm.cpp, line 1275]
Event: 2.651 Thread 0x00007fe3636b0800 Exception <a 'java/security/PrivilegedActionException'> (0x00000007b86643f0) thrown at [/HUDSON3/workspace/8-2-build-macosx-x86_64/jdk8u20/1074/hotspot/src/share/vm/prims/jvm.cpp, line 1275]
Event: 2.651 Thread 0x00007fe3636b0800 Exception <a 'java/security/PrivilegedActionException'> (0x00000007b8665a88) thrown at [/HUDSON3/workspace/8-2-build-macosx-x86_64/jdk8u20/1074/hotspot/src/share/vm/prims/jvm.cpp, line 1275]
Event: 2.653 Thread 0x00007fe363801000 Exception <a 'java/security/PrivilegedActionException'> (0x00000007b86ca9e0) thrown at [/HUDSON3/workspace/8-2-build-macosx-x86_64/jdk8u20/1074/hotspot/src/share/vm/prims/jvm.cpp, line 1275]
Event: 2.653 Thread 0x00007fe363801000 Exception <a 'java/security/PrivilegedActionException'> (0x00000007b86cdb40) thrown at [/HUDSON3/workspace/8-2-build-macosx-x86_64/jdk8u20/1074/hotspot/src/share/vm/prims/jvm.cpp, line 1275]
Event: 2.653 Thread 0x00007fe363801000 Exception <a 'java/security/PrivilegedActionException'> (0x00000007b86d0bb0) thrown at [/HUDSON3/workspace/8-2-build-macosx-x86_64/jdk8u20/1074/hotspot/src/share/vm/prims/jvm.cpp, line 1275]
Event: 2.653 Thread 0x00007fe363801000 Exception <a 'java/security/PrivilegedActionException'> (0x00000007b86d4de8) thrown at [/HUDSON3/workspace/8-2-build-macosx-x86_64/jdk8u20/1074/hotspot/src/share/vm/prims/jvm.cpp, line 1275]
Event: 2.653 Thread 0x00007fe363801000 Exception <a 'java/security/PrivilegedActionException'> (0x00000007b86d7f48) thrown at [/HUDSON3/workspace/8-2-build-macosx-x86_64/jdk8u20/1074/hotspot/src/share/vm/prims/jvm.cpp, line 1275]
Event: 2.653 Thread 0x00007fe363801000 Exception <a 'java/security/PrivilegedActionException'> (0x00000007b86dafb8) thrown at [/HUDSON3/workspace/8-2-build-macosx-x86_64/jdk8u20/1074/hotspot/src/share/vm/prims/jvm.cpp, line 1275]

Events (10 events):
Event: 2.659 loading class com/kenai/jffi/DirectClosureBuffer
Event: 2.659 loading class com/kenai/jffi/Closure$Buffer
Event: 2.659 loading class com/kenai/jffi/Closure$Buffer done
Event: 2.659 loading class com/kenai/jffi/DirectClosureBuffer done
Event: 2.659 loading class com/kenai/jffi/DirectClosureBuffer$NativeWordIO
Event: 2.659 loading class com/kenai/jffi/DirectClosureBuffer$NativeWordIO done
Event: 2.659 loading class com/kenai/jffi/DirectClosureBuffer$NativeWordIO64
Event: 2.659 loading class com/kenai/jffi/DirectClosureBuffer$NativeWordIO64 done
Event: 2.659 loading class org/jruby/ext/ffi/jffi/NativeClosureProxy$1
Event: 2.659 loading class org/jruby/ext/ffi/jffi/NativeClosureProxy$1 done


Dynamic libraries:
0x0000000001209000 	/System/Library/Frameworks/Cocoa.framework/Versions/A/Cocoa
0x0000000001209000 	/System/Library/Frameworks/Security.framework/Versions/A/Security
0x0000000001209000 	/System/Library/Frameworks/ApplicationServices.framework/Versions/A/ApplicationServices
0x0000000001209000 	/usr/lib/libz.1.dylib
0x0000000001209000 	/usr/lib/libSystem.B.dylib
0x0000000001209000 	/usr/lib/libobjc.A.dylib
0x0000000001209000 	/System/Library/Frameworks/CoreFoundation.framework/Versions/A/CoreFoundation
0x0000000001209000 	/System/Library/Frameworks/Foundation.framework/Versions/C/Foundation
0x0000000001209000 	/System/Library/Frameworks/AppKit.framework/Versions/C/AppKit
0x0000000001209000 	/System/Library/Frameworks/CoreData.framework/Versions/A/CoreData
0x0000000001209000 	/System/Library/PrivateFrameworks/RemoteViewServices.framework/Versions/A/RemoteViewServices
0x0000000001209000 	/System/Library/Frameworks/AudioToolbox.framework/Versions/A/AudioToolbox
0x0000000001209000 	/System/Library/Frameworks/AudioUnit.framework/Versions/A/AudioUnit
0x0000000001209000 	/System/Library/PrivateFrameworks/DataDetectorsCore.framework/Versions/A/DataDetectorsCore
0x0000000001209000 	/System/Library/PrivateFrameworks/DesktopServicesPriv.framework/Versions/A/DesktopServicesPriv
0x0000000001209000 	/System/Library/Frameworks/Carbon.framework/Versions/A/Frameworks/HIToolbox.framework/Versions/A/HIToolbox
0x0000000001209000 	/System/Library/Frameworks/QuartzCore.framework/Versions/A/QuartzCore
0x0000000001209000 	/System/Library/Frameworks/Carbon.framework/Versions/A/Frameworks/SpeechRecognition.framework/Versions/A/SpeechRecognition
0x0000000001209000 	/usr/lib/libauto.dylib
0x0000000001209000 	/usr/lib/libicucore.A.dylib
0x0000000001209000 	/usr/lib/libxml2.2.dylib
0x0000000001209000 	/System/Library/PrivateFrameworks/CoreUI.framework/Versions/A/CoreUI
0x0000000001209000 	/System/Library/Frameworks/CoreAudio.framework/Versions/A/CoreAudio
0x0000000001209000 	/System/Library/Frameworks/DiskArbitration.framework/Versions/A/DiskArbitration
0x0000000001209000 	/usr/lib/liblangid.dylib
0x0000000001209000 	/System/Library/PrivateFrameworks/MultitouchSupport.framework/Versions/A/MultitouchSupport
0x0000000001209000 	/System/Library/Frameworks/IOKit.framework/Versions/A/IOKit
0x0000000001209000 	/usr/lib/libDiagnosticMessagesClient.dylib
0x0000000001209000 	/System/Library/Frameworks/CoreServices.framework/Versions/A/CoreServices
0x0000000001209000 	/System/Library/PrivateFrameworks/PerformanceAnalysis.framework/Versions/A/PerformanceAnalysis
0x0000000001209000 	/System/Library/PrivateFrameworks/GenerationalStorage.framework/Versions/A/GenerationalStorage
0x0000000001209000 	/System/Library/Frameworks/OpenGL.framework/Versions/A/OpenGL
0x0000000001209000 	/System/Library/PrivateFrameworks/Sharing.framework/Versions/A/Sharing
0x0000000001209000 	/System/Library/Frameworks/ImageIO.framework/Versions/A/ImageIO
0x0000000001209000 	/System/Library/Frameworks/CoreText.framework/Versions/A/CoreText
0x0000000001209000 	/System/Library/Frameworks/CoreGraphics.framework/Versions/A/CoreGraphics
0x0000000001209000 	/System/Library/PrivateFrameworks/Backup.framework/Versions/A/Backup
0x0000000001209000 	/System/Library/Frameworks/CFNetwork.framework/Versions/A/CFNetwork
0x0000000001209000 	/System/Library/Frameworks/SystemConfiguration.framework/Versions/A/SystemConfiguration
0x0000000001209000 	/usr/lib/libCRFSuite.dylib
0x0000000001209000 	/usr/lib/libc++.1.dylib
0x0000000001209000 	/usr/lib/libc++abi.dylib
0x0000000001209000 	/usr/lib/system/libcache.dylib
0x0000000001209000 	/usr/lib/system/libcommonCrypto.dylib
0x0000000001209000 	/usr/lib/system/libcompiler_rt.dylib
0x0000000001209000 	/usr/lib/system/libcopyfile.dylib
0x0000000001209000 	/usr/lib/system/libcorecrypto.dylib
0x0000000001209000 	/usr/lib/system/libdispatch.dylib
0x0000000001209000 	/usr/lib/system/libdyld.dylib
0x0000000001209000 	/usr/lib/system/libkeymgr.dylib
0x0000000001209000 	/usr/lib/system/liblaunch.dylib
0x0000000001209000 	/usr/lib/system/libmacho.dylib
0x0000000001209000 	/usr/lib/system/libquarantine.dylib
0x0000000001209000 	/usr/lib/system/libremovefile.dylib
0x0000000001209000 	/usr/lib/system/libsystem_asl.dylib
0x0000000001209000 	/usr/lib/system/libsystem_blocks.dylib
0x0000000001209000 	/usr/lib/system/libsystem_c.dylib
0x0000000001209000 	/usr/lib/system/libsystem_configuration.dylib
0x0000000001209000 	/usr/lib/system/libsystem_dnssd.dylib
0x0000000001209000 	/usr/lib/system/libsystem_info.dylib
0x0000000001209000 	/usr/lib/system/libsystem_kernel.dylib
0x0000000001209000 	/usr/lib/system/libsystem_m.dylib
0x0000000001209000 	/usr/lib/system/libsystem_malloc.dylib
0x0000000001209000 	/usr/lib/system/libsystem_network.dylib
0x0000000001209000 	/usr/lib/system/libsystem_notify.dylib
0x0000000001209000 	/usr/lib/system/libsystem_platform.dylib
0x0000000001209000 	/usr/lib/system/libsystem_pthread.dylib
0x0000000001209000 	/usr/lib/system/libsystem_sandbox.dylib
0x0000000001209000 	/usr/lib/system/libsystem_stats.dylib
0x0000000001209000 	/usr/lib/system/libunc.dylib
0x0000000001209000 	/usr/lib/system/libunwind.dylib
0x0000000001209000 	/usr/lib/system/libxpc.dylib
0x0000000001209000 	/usr/lib/libbsm.0.dylib
0x0000000001209000 	/usr/lib/libsqlite3.dylib
0x0000000001209000 	/usr/lib/libxar.1.dylib
0x0000000001209000 	/usr/lib/libpam.2.dylib
0x0000000001209000 	/usr/lib/libOpenScriptingUtil.dylib
0x0000000001209000 	/usr/lib/libbz2.1.0.dylib
0x0000000001209000 	/System/Library/Frameworks/CoreServices.framework/Versions/A/Frameworks/CarbonCore.framework/Versions/A/CarbonCore
0x0000000001209000 	/System/Library/Frameworks/CoreServices.framework/Versions/A/Frameworks/Metadata.framework/Versions/A/Metadata
0x0000000001209000 	/System/Library/Frameworks/CoreServices.framework/Versions/A/Frameworks/OSServices.framework/Versions/A/OSServices
0x0000000001209000 	/System/Library/Frameworks/CoreServices.framework/Versions/A/Frameworks/SearchKit.framework/Versions/A/SearchKit
0x0000000001209000 	/System/Library/Frameworks/CoreServices.framework/Versions/A/Frameworks/AE.framework/Versions/A/AE
0x0000000001209000 	/System/Library/Frameworks/CoreServices.framework/Versions/A/Frameworks/LaunchServices.framework/Versions/A/LaunchServices
0x0000000001209000 	/System/Library/Frameworks/CoreServices.framework/Versions/A/Frameworks/DictionaryServices.framework/Versions/A/DictionaryServices
0x0000000001209000 	/System/Library/Frameworks/NetFS.framework/Versions/A/NetFS
0x0000000001209000 	/usr/lib/system/libkxld.dylib
0x0000000001209000 	/System/Library/PrivateFrameworks/NetAuth.framework/Versions/A/NetAuth
0x0000000001209000 	/System/Library/PrivateFrameworks/TCC.framework/Versions/A/TCC
0x0000000001209000 	/System/Library/Frameworks/OpenDirectory.framework/Versions/A/Frameworks/CFOpenDirectory.framework/Versions/A/CFOpenDirectory
0x0000000001209000 	/System/Library/Frameworks/ServiceManagement.framework/Versions/A/ServiceManagement
0x0000000001209000 	/usr/lib/libxslt.1.dylib
0x0000000001209000 	/System/Library/Frameworks/Carbon.framework/Versions/A/Frameworks/Ink.framework/Versions/A/Ink
0x0000000001209000 	/System/Library/Frameworks/ApplicationServices.framework/Versions/A/Frameworks/ATS.framework/Versions/A/ATS
0x0000000001209000 	/System/Library/Frameworks/ApplicationServices.framework/Versions/A/Frameworks/ColorSync.framework/Versions/A/ColorSync
0x0000000001209000 	/System/Library/Frameworks/ApplicationServices.framework/Versions/A/Frameworks/HIServices.framework/Versions/A/HIServices
0x0000000001209000 	/System/Library/Frameworks/ApplicationServices.framework/Versions/A/Frameworks/LangAnalysis.framework/Versions/A/LangAnalysis
0x0000000001209000 	/System/Library/Frameworks/ApplicationServices.framework/Versions/A/Frameworks/PrintCore.framework/Versions/A/PrintCore
0x0000000001209000 	/System/Library/Frameworks/ApplicationServices.framework/Versions/A/Frameworks/QD.framework/Versions/A/QD
0x0000000001209000 	/System/Library/Frameworks/ApplicationServices.framework/Versions/A/Frameworks/SpeechSynthesis.framework/Versions/A/SpeechSynthesis
0x0000000001209000 	/System/Library/Frameworks/IOSurface.framework/Versions/A/IOSurface
0x0000000001209000 	/System/Library/Frameworks/Accelerate.framework/Versions/A/Accelerate
0x0000000001209000 	/System/Library/Frameworks/Accelerate.framework/Versions/A/Frameworks/vImage.framework/Versions/A/vImage
0x0000000001209000 	/System/Library/Frameworks/Accelerate.framework/Versions/A/Frameworks/vecLib.framework/Versions/A/vecLib
0x0000000001209000 	/System/Library/Frameworks/Accelerate.framework/Versions/A/Frameworks/vecLib.framework/Versions/A/libvDSP.dylib
0x0000000001209000 	/System/Library/Frameworks/Accelerate.framework/Versions/A/Frameworks/vecLib.framework/Versions/A/libvMisc.dylib
0x0000000001209000 	/System/Library/Frameworks/Accelerate.framework/Versions/A/Frameworks/vecLib.framework/Versions/A/libLAPACK.dylib
0x0000000001209000 	/System/Library/Frameworks/Accelerate.framework/Versions/A/Frameworks/vecLib.framework/Versions/A/libBLAS.dylib
0x0000000001209000 	/System/Library/Frameworks/ApplicationServices.framework/Versions/A/Frameworks/ATS.framework/Versions/A/Resources/libFontParser.dylib
0x0000000001209000 	/System/Library/Frameworks/ApplicationServices.framework/Versions/A/Frameworks/ATS.framework/Versions/A/Resources/libFontRegistry.dylib
0x0000000001209000 	/System/Library/Frameworks/ImageIO.framework/Versions/A/Resources/libJPEG.dylib
0x0000000001209000 	/System/Library/Frameworks/ImageIO.framework/Versions/A/Resources/libTIFF.dylib
0x0000000001209000 	/System/Library/Frameworks/ImageIO.framework/Versions/A/Resources/libPng.dylib
0x0000000001209000 	/System/Library/Frameworks/ImageIO.framework/Versions/A/Resources/libGIF.dylib
0x0000000001209000 	/System/Library/Frameworks/ImageIO.framework/Versions/A/Resources/libJP2.dylib
0x0000000001209000 	/System/Library/Frameworks/ImageIO.framework/Versions/A/Resources/libRadiance.dylib
0x0000000001209000 	/usr/lib/libcups.2.dylib
0x0000000001209000 	/System/Library/Frameworks/Kerberos.framework/Versions/A/Kerberos
0x0000000001209000 	/System/Library/Frameworks/GSS.framework/Versions/A/GSS
0x0000000001209000 	/usr/lib/libresolv.9.dylib
0x0000000001209000 	/usr/lib/libiconv.2.dylib
0x0000000001209000 	/System/Library/PrivateFrameworks/Heimdal.framework/Versions/A/Heimdal
0x0000000001209000 	/System/Library/PrivateFrameworks/TrustEvaluationAgent.framework/Versions/A/TrustEvaluationAgent
0x0000000001209000 	/usr/lib/libheimdal-asn1.dylib
0x0000000001209000 	/System/Library/Frameworks/OpenDirectory.framework/Versions/A/OpenDirectory
0x0000000001209000 	/System/Library/PrivateFrameworks/CommonAuth.framework/Versions/A/CommonAuth
0x0000000001209000 	/System/Library/Frameworks/SecurityFoundation.framework/Versions/A/SecurityFoundation
0x0000000001209000 	/System/Library/PrivateFrameworks/Bom.framework/Versions/A/Bom
0x0000000001209000 	/System/Library/Frameworks/CoreVideo.framework/Versions/A/CoreVideo
0x0000000001209000 	/System/Library/Frameworks/QuartzCore.framework/Versions/A/Frameworks/CoreImage.framework/Versions/A/CoreImage
0x0000000001209000 	/System/Library/Frameworks/QuartzCore.framework/Versions/A/Frameworks/ScalableUserInterface.framework/Versions/A/ScalableUserInterface
0x0000000001209000 	/System/Library/Frameworks/OpenGL.framework/Versions/A/Libraries/libGLU.dylib
0x0000000001209000 	/System/Library/Frameworks/OpenGL.framework/Versions/A/Libraries/libGFXShared.dylib
0x0000000001209000 	/System/Library/Frameworks/OpenGL.framework/Versions/A/Libraries/libGL.dylib
0x0000000001209000 	/System/Library/Frameworks/OpenGL.framework/Versions/A/Libraries/libGLImage.dylib
0x0000000001209000 	/System/Library/Frameworks/OpenGL.framework/Versions/A/Libraries/libCVMSPluginSupport.dylib
0x0000000001209000 	/System/Library/Frameworks/OpenGL.framework/Versions/A/Libraries/libCoreVMClient.dylib
0x0000000001209000 	/System/Library/PrivateFrameworks/FaceCore.framework/Versions/A/FaceCore
0x0000000001209000 	/System/Library/PrivateFrameworks/CrashReporterSupport.framework/Versions/A/CrashReporterSupport
0x0000000001209000 	/System/Library/Frameworks/OpenCL.framework/Versions/A/OpenCL
0x0000000001209000 	/System/Library/PrivateFrameworks/AppleFSCompression.framework/Versions/A/AppleFSCompression
0x0000000001209000 	/System/Library/PrivateFrameworks/Ubiquity.framework/Versions/A/Ubiquity
0x0000000001209000 	/System/Library/PrivateFrameworks/IconServices.framework/Versions/A/IconServices
0x0000000001209000 	/System/Library/PrivateFrameworks/ChunkingLibrary.framework/Versions/A/ChunkingLibrary
0x0000000001209000 	/System/Library/PrivateFrameworks/CoreSymbolication.framework/Versions/A/CoreSymbolication
0x0000000001209000 	/System/Library/PrivateFrameworks/Symbolication.framework/Versions/A/Symbolication
0x0000000001209000 	/System/Library/PrivateFrameworks/DebugSymbols.framework/Versions/A/DebugSymbols
0x0000000104800000 	/Library/Java/JavaVirtualMachines/jdk1.8.0_20.jdk/Contents/Home/jre/lib/server/libjvm.dylib
0x0000000001209000 	/usr/lib/libstdc++.6.dylib
0x0000000103636000 	/Library/Java/JavaVirtualMachines/jdk1.8.0_20.jdk/Contents/Home/jre/lib/libverify.dylib
0x0000000103644000 	/Library/Java/JavaVirtualMachines/jdk1.8.0_20.jdk/Contents/Home/jre/lib/libjava.dylib
0x0000000103682000 	/Library/Java/JavaVirtualMachines/jdk1.8.0_20.jdk/Contents/Home/jre/lib/libzip.dylib
0x0000000119223000 	/System/Library/Frameworks/JavaVM.framework/Frameworks/JavaRuntimeSupport.framework/JavaRuntimeSupport
0x000000011923b000 	/System/Library/Frameworks/JavaVM.framework/Versions/A/Frameworks/JavaNativeFoundation.framework/Versions/A/JavaNativeFoundation
0x0000000119250000 	/System/Library/Frameworks/JavaVM.framework/Versions/A/JavaVM
0x0000000001209000 	/System/Library/Frameworks/Carbon.framework/Versions/A/Carbon
0x000000011925d000 	/System/Library/PrivateFrameworks/JavaLaunching.framework/Versions/A/JavaLaunching
0x0000000001209000 	/System/Library/Frameworks/Carbon.framework/Versions/A/Frameworks/CommonPanels.framework/Versions/A/CommonPanels
0x0000000001209000 	/System/Library/Frameworks/Carbon.framework/Versions/A/Frameworks/Help.framework/Versions/A/Help
0x0000000001209000 	/System/Library/Frameworks/Carbon.framework/Versions/A/Frameworks/ImageCapture.framework/Versions/A/ImageCapture
0x0000000001209000 	/System/Library/Frameworks/Carbon.framework/Versions/A/Frameworks/OpenScripting.framework/Versions/A/OpenScripting
0x0000000001209000 	/System/Library/Frameworks/Carbon.framework/Versions/A/Frameworks/Print.framework/Versions/A/Print
0x0000000001209000 	/System/Library/Frameworks/Carbon.framework/Versions/A/Frameworks/SecurityHI.framework/Versions/A/SecurityHI
0x000000011a259000 	/Library/Java/JavaVirtualMachines/jdk1.8.0_20.jdk/Contents/Home/jre/lib/libnet.dylib
0x000000011a2b8000 	/Library/Java/JavaVirtualMachines/jdk1.8.0_20.jdk/Contents/Home/jre/lib/libnio.dylib
0x000000011a2c8000 	/Users/cameron/.rbenv/versions/jruby-1.7.15/lib/jni/Darwin/libjffi-1.2.jnilib
0x000000011c457000 	/usr/local/Cellar/llvm/3.5.0/lib//libclang.dylib
0x000000011cedd000 	/usr/local/Cellar/llvm/3.5.0/lib//libLLVM-3.5.dylib
0x000000011aa3d000 	/usr/lib/libedit.3.dylib
0x0000000001209000 	/usr/lib/libncurses.5.4.dylib

VM Arguments:
jvm_args: -Djdk.home= -Djruby.home=/Users/cameron/.rbenv/versions/jruby-1.7.15 -Djruby.script=jruby -Djruby.shell=/bin/sh -Djffi.boot.library.path=/Users/cameron/.rbenv/versions/jruby-1.7.15/lib/jni:/Users/cameron/.rbenv/versions/jruby-1.7.15/lib/jni/Darwin -Xmx500m -Xss2048k -Xbootclasspath/a:/Users/cameron/.rbenv/versions/jruby-1.7.15/lib/jruby.jar -Dfile.encoding=UTF-8 
java_command: org/jruby/Main /Users/cameron/.rbenv/versions/jruby-1.7.15/bin/rspec
java_class_path (initial): <not set>
Launcher Type: SUN_STANDARD

Environment Variables:
PATH=/Users/cameron/.rbenv/versions/jruby-1.7.15/lib/ruby/gems/shared/bin:/Users/cameron/.rbenv/versions/jruby-1.7.15/bin:/usr/local/Cellar/rbenv/0.4.0/libexec:/Users/cameron/.rbenv/shims:/Users/cameron/bin:/usr/local/bin:/usr/bin:/bin:/usr/sbin:/sbin:~/bin
SHELL=/bin/bash
DYLD_LIBRARY_PATH=/usr/local/Cellar/llvm/3.5.0/lib/

Signal Handlers:
SIGSEGV: [libjvm.dylib+0x578fd7], sa_mask[0]=11111111011111110111111111111111, sa_flags=SA_ONSTACK|SA_RESTART|SA_SIGINFO
SIGBUS: [libjvm.dylib+0x578fd7], sa_mask[0]=11111111011111110111111111111111, sa_flags=SA_RESTART|SA_SIGINFO
SIGFPE: [libjvm.dylib+0x45ab0c], sa_mask[0]=11111111011111110111111111111111, sa_flags=SA_RESTART|SA_SIGINFO
SIGPIPE: [libjvm.dylib+0x45ab0c], sa_mask[0]=11111111011111110111111111111111, sa_flags=SA_RESTART|SA_SIGINFO
SIGXFSZ: [libjvm.dylib+0x45ab0c], sa_mask[0]=11111111011111110111111111111111, sa_flags=SA_RESTART|SA_SIGINFO
SIGILL: [libjvm.dylib+0x45ab0c], sa_mask[0]=11111111011111110111111111111111, sa_flags=SA_RESTART|SA_SIGINFO
SIGUSR1: SIG_DFL, sa_mask[0]=11011111011111100000000111000110, sa_flags=none
SIGUSR2: [libjvm.dylib+0x45a62a], sa_mask[0]=00100000000000000000000000000000, sa_flags=SA_RESTART|SA_SIGINFO
SIGHUP: [libjvm.dylib+0x458bfd], sa_mask[0]=11111111011111110111111111111111, sa_flags=SA_RESTART|SA_SIGINFO
SIGINT: [libjvm.dylib+0x458bfd], sa_mask[0]=11111111011111110111111111111111, sa_flags=SA_RESTART|SA_SIGINFO
SIGTERM: [libjvm.dylib+0x458bfd], sa_mask[0]=11111111011111110111111111111111, sa_flags=SA_RESTART|SA_SIGINFO
SIGQUIT: [libjvm.dylib+0x458bfd], sa_mask[0]=11111111011111110111111111111111, sa_flags=SA_RESTART|SA_SIGINFO


---------------  S Y S T E M  ---------------

OS:Bsduname:Darwin 13.4.0 Darwin Kernel Version 13.4.0: Sun Aug 17 19:50:11 PDT 2014; root:xnu-2422.115.4~1/RELEASE_X86_64 x86_64
rlimit: STACK 8192k, CORE 0k, NPROC 709, NOFILE 10240, AS infinity
load average:1.72 1.67 1.65

CPU:total 8 (4 cores per cpu, 2 threads per core) family 6 model 70 stepping 1, cmov, cx8, fxsr, mmx, sse, sse2, sse3, ssse3, sse4.1, sse4.2, popcnt, avx, avx2, aes, clmul, erms, rtm, lzcnt, ht, tsc, tscinvbit, bmi1, bmi2

Memory: 4k page, physical 16777216k(2552800k free)

/proc/meminfo:


vm_info: Java HotSpot(TM) 64-Bit Server VM (25.20-b23) for bsd-amd64 JRE (1.8.0_20-b26), built on Jul 30 2014 13:37:47 by "java_re" with gcc 4.2.1 (Based on Apple Inc. build 5658) (LLVM build 2336.9.00)

time: Sat Nov  1 23:46:07 2014
elapsed time: 2 seconds (0d 0h 0m 2s)

